<?xml version="1.0" encoding="UTF-8"?>
<testng-results ignored="0" total="1" passed="1" failed="0" skipped="0">
  <reporter-output>
  </reporter-output>
  <suite started-at="2024-08-29T17:11:25 IST" name="Test Suite for Buildout" finished-at="2024-08-29T17:12:22 IST" duration-ms="56163">
    <groups>
    </groups>
    <test started-at="2024-08-29T17:11:25 IST" name="Test Cases for Buildout" finished-at="2024-08-29T17:12:22 IST" duration-ms="56163">
      <class name="demo.TestCases">
        <test-method is-config="true" signature="startBrowser()[pri:0, instance:demo.TestCases@2e1ef60]" started-at="2024-08-29T17:11:25 IST" name="startBrowser" finished-at="2024-08-29T17:11:29 IST" duration-ms="3467" status="PASS">
          <reporter-output>
          </reporter-output>
        </test-method> <!-- startBrowser -->
        <test-method signature="testCase01()[pri:0, instance:demo.TestCases@2e1ef60]" started-at="2024-08-29T17:11:29 IST" name="testCase01" finished-at="2024-08-29T17:12:21 IST" duration-ms="52222" status="PASS">
          <reporter-output>
          </reporter-output>
        </test-method> <!-- testCase01 -->
        <test-method is-config="true" signature="endTest()[pri:0, instance:demo.TestCases@2e1ef60]" started-at="2024-08-29T17:12:21 IST" name="endTest" finished-at="2024-08-29T17:12:22 IST" duration-ms="389" status="PASS">
          <reporter-output>
          </reporter-output>
        </test-method> <!-- endTest -->
      </class> <!-- demo.TestCases -->
    </test> <!-- Test Cases for Buildout -->
  </suite> <!-- Test Suite for Buildout -->
</testng-results>
